Arguments: 
  C:\Program Files\nodejs\node.exe C:\Users\Niken Ayu\AppData\Roaming\npm\node_modules\yarn\bin\yarn.js add neo4j-driver

PATH: 
  C:\ProgramData\Oracle\Java\javapath;C:\Program Files (x86)\Common Files\Oracle\Java\javapath;C:\Program Files (x86)\Common Files\Intel\Shared Files\cpp\bin\Intel64;C:\WINDOWS\system32;C:\WINDOWS;C:\WINDOWS\System32\Wbem;C:\WINDOWS\System32\WindowsPowerShell\v1.0\;C:\Program Files (x86)\Java\jdk1.8.0_181\bin;C:\WPy32-3760\scripts;C:\WPy32-3760\;C:\Program Files (x86)\WPy32-3760\;C:\Program Files (x86)\WPy32-3760\scripts;C:\Program Files\nodejs\;C:\xampp\php;C:\ProgramData\ComposerSetup\bin;C:\Program Files (x86)\Java\jdk1.8.0_111\bin;C:\Program Files\Git\cmd;C:\Users\Niken Ayu\AppData\Local\Microsoft\WindowsApps;C:\Users\Niken Ayu\AppData\Local\Programs\Microsoft VS Code\bin;C:\Users\Niken Ayu\AppData\Local\Programs\Python\Python38-32\Scripts;C:\Users\Niken Ayu\AppData\Roaming\npm;C:\Users\Niken Ayu\AppData\Roaming\Composer\vendor\bin

Yarn version: 
  1.22.17

Node version: 
  12.18.3

Platform: 
  win32 x64

Trace: 
  Error: https://registry.yarnpkg.com/core-js/-/core-js-2.6.12.tgz: ESOCKETTIMEDOUT
      at ClientRequest.<anonymous> (C:\Users\Niken Ayu\AppData\Roaming\npm\node_modules\yarn\lib\cli.js:141510:19)
      at Object.onceWrapper (events.js:421:28)
      at ClientRequest.emit (events.js:315:20)
      at TLSSocket.emitRequestTimeout (_http_client.js:709:9)
      at Object.onceWrapper (events.js:421:28)
      at TLSSocket.emit (events.js:327:22)
      at TLSSocket.Socket._onTimeout (net.js:482:8)
      at listOnTimeout (internal/timers.js:549:17)
      at processTimers (internal/timers.js:492:7)

npm manifest: 
  {
    "name": "myapp",
    "version": "0.0.0",
    "private": true,
    "scripts": {
      "start": "node ./bin/www"
    },
    "dependencies": {
      "axios": "^0.24.0",
      "bootstrap-icons": "^1.7.1",
      "cookie-parser": "~1.4.4",
      "debug": "~2.6.9",
      "express": "~4.16.1",
      "http-errors": "~1.6.3",
      "morgan": "~1.9.1",
      "pug": "2.0.0-beta11"
    }
  }

yarn manifest: 
  No manifest

Lockfile: 
  No lockfile
